<?xml version="1.0" encoding="UTF-8"?>
<!-- Generated by org.testng.reporters.JUnitReportReporter -->
<testsuite hostname="DESKTOP-N339P1I" failures="0" tests="1" name="aqa_course.api.CreateCardTest" time="2.689" errors="0" timestamp="2024-12-18T07:31:10 EET" skipped="0">
  <testcase classname="aqa_course.api.CreateCardTest" name="testCreateCard" time="2.689"/>
  <system-out/>
</testsuite> <!-- aqa_course.api.CreateCardTest -->
