<?xml version="1.0" encoding="UTF-8"?>
<!-- Generated by org.testng.reporters.JUnitReportReporter -->
<testsuite hostname="DESKTOP-N339P1I" failures="0" tests="1" name="aqa_course.api.CreateBoardTest" time="5.275" errors="0" timestamp="2024-12-18T08:05:44 EET" skipped="0">
  <testcase classname="aqa_course.api.CreateBoardTest" name="testCreateBoard" time="5.275"/>
  <system-out/>
</testsuite> <!-- aqa_course.api.CreateBoardTest -->
