<?xml version="1.0" encoding="UTF-8"?>
<!-- Generated by org.testng.reporters.JUnitReportReporter -->
<testsuite hostname="DESKTOP-N339P1I" failures="0" tests="1" name="aqa_course.ui.AlbumAppleMusicTest" time="21.877" errors="0" timestamp="2024-12-17T22:38:11 EET" skipped="0">
  <testcase classname="aqa_course.ui.AlbumAppleMusicTest" name="openAlbum" time="21.877"/>
  <system-out/>
</testsuite> <!-- aqa_course.ui.AlbumAppleMusicTest -->
